app/build/intermediates/manifest_merge_blame_file/debug/processDebugMainManifest/manifest-merger-blame-debug-report.txt
1<?xml version="1.0" encoding="utf-8"?>
2<manifest xmlns:android="http://schemas.android.com/apk/res/android"
3    package="com.shardul.esewazone"
4    android:versionCode="1"
5    android:versionName="1.0.1" >
6
7    <uses-sdk
7-->INJECTED
8        android:minSdkVersion="24"
8-->INJECTED
9        android:targetSdkVersion="37" />
9-->INJECTED
10
11    <uses-permission android:name="android.permission.INTERNET" />
11-->src\main\AndroidManifest.xml:4:5-66
11-->src\main\AndroidManifest.xml:4:22-64
12    <uses-permission android:name="android.permission.ACCESS_NETWORK_STATE" />
12-->src\main\AndroidManifest.xml:5:5-80
12-->src\main\AndroidManifest.xml:5:22-77
13    <uses-permission android:name="android.permission.ACCESS_COARSE_LOCATION" />
13-->src\main\AndroidManifest.xml:6:5-80
13-->src\main\AndroidManifest.xml:6:22-78
14    <uses-permission android:name="android.permission.ACCESS_FINE_LOCATION" />
14-->src\main\AndroidManifest.xml:7:5-78
14-->src\main\AndroidManifest.xml:7:22-76
15    <uses-permission android:name="android.permission.WAKE_LOCK" />
15-->[com.google.android.gms:play-services-measurement-api:23.2.0] AndroidManifest.xml:24:5-68
15-->[com.google.android.gms:play-services-measurement-api:23.2.0] AndroidManifest.xml:24:22-65
16    <uses-permission android:name="com.google.android.gms.permission.AD_ID" />
16-->[com.google.android.gms:play-services-measurement-api:23.2.0] AndroidManifest.xml:25:5-79
16-->[com.google.android.gms:play-services-measurement-api:23.2.0] AndroidManifest.xml:25:22-76
17    <uses-permission android:name="android.permission.ACCESS_ADSERVICES_ATTRIBUTION" />
17-->[com.google.android.gms:play-services-measurement-api:23.2.0] AndroidManifest.xml:26:5-88
17-->[com.google.android.gms:play-services-measurement-api:23.2.0] AndroidManifest.xml:26:22-85
18    <uses-permission android:name="android.permission.ACCESS_ADSERVICES_AD_ID" />
18-->[com.google.android.gms:play-services-measurement-api:23.2.0] AndroidManifest.xml:27:5-82
18-->[com.google.android.gms:play-services-measurement-api:23.2.0] AndroidManifest.xml:27:22-79
19    <uses-permission android:name="android.permission.ACCESS_WIFI_STATE" />
19-->[com.google.android.libraries.places:places:5.3.0] AndroidManifest.xml:13:5-76
19-->[com.google.android.libraries.places:places:5.3.0] AndroidManifest.xml:13:22-73
20    <uses-permission android:name="com.google.android.finsky.permission.BIND_GET_INSTALL_REFERRER_SERVICE" />
20-->[com.google.android.gms:play-services-measurement:23.2.0] AndroidManifest.xml:26:5-110
20-->[com.google.android.gms:play-services-measurement:23.2.0] AndroidManifest.xml:26:22-107
21    <uses-permission android:name="com.google.android.providers.gsf.permission.READ_GSERVICES" />
21-->[com.google.android.recaptcha:recaptcha:18.6.1] AndroidManifest.xml:9:5-98
21-->[com.google.android.recaptcha:recaptcha:18.6.1] AndroidManifest.xml:9:22-95
22
23    <uses-feature
23-->[com.google.android.gms:play-services-maps:20.0.0] AndroidManifest.xml:22:5-24:33
24        android:glEsVersion="0x00020000"
24-->[com.google.android.gms:play-services-maps:20.0.0] AndroidManifest.xml:23:8-40
25        android:required="true" />
25-->[com.google.android.gms:play-services-maps:20.0.0] AndroidManifest.xml:24:8-31
26
27    <queries>
27-->[com.google.android.gms:play-services-maps:20.0.0] AndroidManifest.xml:27:5-30:15
28
29        <!-- Needs to be explicitly declared on Android R+ -->
30        <package android:name="com.google.android.apps.maps" />
30-->[com.google.android.gms:play-services-maps:20.0.0] AndroidManifest.xml:29:7-61
30-->[com.google.android.gms:play-services-maps:20.0.0] AndroidManifest.xml:29:16-59
31    </queries>
32
33    <permission
33-->[androidx.core:core:1.19.0] AndroidManifest.xml:22:5-24:47
34        android:name="com.shardul.esewazone.DYNAMIC_RECEIVER_NOT_EXPORTED_PERMISSION"
34-->[androidx.core:core:1.19.0] AndroidManifest.xml:23:9-81
35        android:protectionLevel="signature" />
35-->[androidx.core:core:1.19.0] AndroidManifest.xml:24:9-44
36
37    <uses-permission android:name="com.shardul.esewazone.DYNAMIC_RECEIVER_NOT_EXPORTED_PERMISSION" />
37-->[androidx.core:core:1.19.0] AndroidManifest.xml:26:5-97
37-->[androidx.core:core:1.19.0] AndroidManifest.xml:26:22-94
38
39    <application
39-->src\main\AndroidManifest.xml:9:5-58:19
40        android:allowBackup="true"
40-->src\main\AndroidManifest.xml:10:9-35
41        android:appComponentFactory="androidx.core.app.CoreComponentFactory"
41-->[androidx.core:core:1.19.0] AndroidManifest.xml:28:18-86
42        android:dataExtractionRules="@xml/data_extraction_rules"
42-->src\main\AndroidManifest.xml:11:9-65
43        android:debuggable="true"
44        android:enableOnBackInvokedCallback="true"
44-->[esewaSDK.aar] AndroidManifest.xml:12:9-51
45        android:extractNativeLibs="false"
45-->INJECTED
46        android:fullBackupContent="@xml/backup_rules"
46-->src\main\AndroidManifest.xml:12:9-54
47        android:icon="@mipmap/ic_launcher"
47-->src\main\AndroidManifest.xml:13:9-43
48        android:label="@string/app_name"
48-->src\main\AndroidManifest.xml:14:9-41
49        android:roundIcon="@mipmap/ic_launcher_round"
49-->src\main\AndroidManifest.xml:15:9-54
50        android:supportsRtl="true"
50-->src\main\AndroidManifest.xml:16:9-35
51        android:testOnly="true"
52        android:theme="@style/Base.Theme.Esewazone" >
52-->src\main\AndroidManifest.xml:17:9-52
53        <activity
53-->src\main\AndroidManifest.xml:20:9-31:20
54            android:name="com.shardul.esewazone.ui.activities.LoginActivity"
54-->src\main\AndroidManifest.xml:21:13-56
55            android:exported="true"
55-->src\main\AndroidManifest.xml:22:13-36
56            android:theme="@style/SplashTheme"
56-->src\main\AndroidManifest.xml:24:13-49
57            android:windowSoftInputMode="adjustResize" >
57-->src\main\AndroidManifest.xml:23:13-55
58            <intent-filter>
58-->src\main\AndroidManifest.xml:27:13-30:29
59                <action android:name="android.intent.action.MAIN" />
59-->src\main\AndroidManifest.xml:28:17-69
59-->src\main\AndroidManifest.xml:28:25-66
60
61                <category android:name="android.intent.category.LAUNCHER" />
61-->src\main\AndroidManifest.xml:29:17-77
61-->src\main\AndroidManifest.xml:29:27-74
62            </intent-filter>
63        </activity>
64        <activity
64-->src\main\AndroidManifest.xml:33:9-36:58
65            android:name="com.shardul.esewazone.ui.activities.SignUpActivity"
65-->src\main\AndroidManifest.xml:33:19-63
66            android:exported="false"
66-->src\main\AndroidManifest.xml:34:13-37
67            android:theme="@style/Base.Theme.Esewazone"
67-->src\main\AndroidManifest.xml:36:13-56
68            android:windowSoftInputMode="adjustResize" />
68-->src\main\AndroidManifest.xml:35:13-55
69        <activity
69-->src\main\AndroidManifest.xml:38:9-40:58
70            android:name="com.shardul.esewazone.ui.activities.MainActivity"
70-->src\main\AndroidManifest.xml:38:19-61
71            android:exported="false"
71-->src\main\AndroidManifest.xml:39:13-37
72            android:theme="@style/Base.Theme.Esewazone" />
72-->src\main\AndroidManifest.xml:40:13-56
73        <activity
73-->src\main\AndroidManifest.xml:42:9-44:58
74            android:name="com.shardul.esewazone.ui.activities.ConfirmationActivity"
74-->src\main\AndroidManifest.xml:42:19-69
75            android:exported="false"
75-->src\main\AndroidManifest.xml:43:13-37
76            android:theme="@style/Base.Theme.Esewazone" />
76-->src\main\AndroidManifest.xml:44:13-56
77        <activity
77-->src\main\AndroidManifest.xml:46:9-49:15
78            android:name="com.shardul.esewazone.ui.activities.OrderSuccessActivity"
78-->src\main\AndroidManifest.xml:46:19-69
79            android:exported="false"
79-->src\main\AndroidManifest.xml:47:13-37
80            android:theme="@style/Base.Theme.Esewazone" />
80-->src\main\AndroidManifest.xml:48:13-56
81
82        <meta-data
82-->src\main\AndroidManifest.xml:50:9-52:57
83            android:name="preloaded_fonts"
83-->src\main\AndroidManifest.xml:51:13-43
84            android:resource="@array/preloaded_fonts" />
84-->src\main\AndroidManifest.xml:52:13-54
85        <meta-data
85-->INJECTED
86            android:name="com.google.android.geo.API_KEY"
86-->src\main\AndroidManifest.xml:55:13-58
87            android:value="AIzaSyDkEx96gzCGDxgubC6yMzjAbJGatWNWrRw" />
87-->INJECTED
88
89        <activity
89-->[esewaSDK.aar] AndroidManifest.xml:14:9-16:52
90            android:name="com.f1soft.esewapaymentsdk.ui.screens.EsewaPaymentActivity"
90-->[esewaSDK.aar] AndroidManifest.xml:15:13-86
91            android:screenOrientation="portrait" />
91-->[esewaSDK.aar] AndroidManifest.xml:16:13-49
92        <activity
92-->[esewaSDK.aar] AndroidManifest.xml:17:9-20:58
93            android:name="com.f1soft.esewapaymentsdk.ui.screens.ESewaLoginActivity"
93-->[esewaSDK.aar] AndroidManifest.xml:18:13-84
94            android:screenOrientation="portrait"
94-->[esewaSDK.aar] AndroidManifest.xml:19:13-49
95            android:windowSoftInputMode="adjustResize" />
95-->[esewaSDK.aar] AndroidManifest.xml:20:13-55
96        <activity
96-->[esewaSDK.aar] AndroidManifest.xml:21:9-24:58
97            android:name="com.f1soft.esewapaymentsdk.ui.screens.ESewaPaymentConfirmActivity"
97-->[esewaSDK.aar] AndroidManifest.xml:22:13-93
98            android:screenOrientation="portrait"
98-->[esewaSDK.aar] AndroidManifest.xml:23:13-49
99            android:windowSoftInputMode="adjustResize" />
99-->[esewaSDK.aar] AndroidManifest.xml:24:13-55
100
101        <uses-library
101-->[esewaSDK.aar] AndroidManifest.xml:26:9-28:40
102            android:name="org.apache.http.legacy"
102-->[esewaSDK.aar] AndroidManifest.xml:27:13-50
103            android:required="false" />
103-->[esewaSDK.aar] AndroidManifest.xml:28:13-37
104
105        <provider
105-->[com.google.maps.android:maps-compose:8.4.0] AndroidManifest.xml:24:9-32:20
106            android:name="androidx.startup.InitializationProvider"
106-->[com.google.maps.android:maps-compose:8.4.0] AndroidManifest.xml:25:13-67
107            android:authorities="com.shardul.esewazone.androidx-startup"
107-->[com.google.maps.android:maps-compose:8.4.0] AndroidManifest.xml:26:13-68
108            android:exported="false" >
108-->[com.google.maps.android:maps-compose:8.4.0] AndroidManifest.xml:27:13-37
109            <meta-data
109-->[com.google.maps.android:maps-compose:8.4.0] AndroidManifest.xml:29:13-31:52
110                android:name="com.google.maps.android.compose.utils.attribution.AttributionIdInitializer"
110-->[com.google.maps.android:maps-compose:8.4.0] AndroidManifest.xml:30:17-106
111                android:value="androidx.startup" />
111-->[com.google.maps.android:maps-compose:8.4.0] AndroidManifest.xml:31:17-49
112            <meta-data
112-->[com.google.maps.android:maps-ktx:6.2.0] AndroidManifest.xml:30:13-32:52
113                android:name="com.google.maps.android.ktx.utils.attribution.AttributionIdInitializer"
113-->[com.google.maps.android:maps-ktx:6.2.0] AndroidManifest.xml:31:17-102
114                android:value="androidx.startup" />
114-->[com.google.maps.android:maps-ktx:6.2.0] AndroidManifest.xml:32:17-49
115            <meta-data
115-->[androidx.emoji2:emoji2:1.4.0] AndroidManifest.xml:29:13-31:52
116                android:name="androidx.emoji2.text.EmojiCompatInitializer"
116-->[androidx.emoji2:emoji2:1.4.0] AndroidManifest.xml:30:17-75
117                android:value="androidx.startup" />
117-->[androidx.emoji2:emoji2:1.4.0] AndroidManifest.xml:31:17-49
118            <meta-data
118-->[androidx.lifecycle:lifecycle-process:2.9.4] AndroidManifest.xml:29:13-31:52
119                android:name="androidx.lifecycle.ProcessLifecycleInitializer"
119-->[androidx.lifecycle:lifecycle-process:2.9.4] AndroidManifest.xml:30:17-78
120                android:value="androidx.startup" />
120-->[androidx.lifecycle:lifecycle-process:2.9.4] AndroidManifest.xml:31:17-49
121            <meta-data
121-->[androidx.profileinstaller:profileinstaller:1.4.0] AndroidManifest.xml:29:13-31:52
122                android:name="androidx.profileinstaller.ProfileInstallerInitializer"
122-->[androidx.profileinstaller:profileinstaller:1.4.0] AndroidManifest.xml:30:17-85
123                android:value="androidx.startup" />
123-->[androidx.profileinstaller:profileinstaller:1.4.0] AndroidManifest.xml:31:17-49
124        </provider>
125
126        <service
126-->[com.google.firebase:firebase-crashlytics:20.1.0] AndroidManifest.xml:12:9-21:19
127            android:name="com.google.firebase.components.ComponentDiscoveryService"
127-->[com.google.firebase:firebase-crashlytics:20.1.0] AndroidManifest.xml:13:13-84
128            android:directBootAware="true"
128-->[com.google.firebase:firebase-common:22.1.0] AndroidManifest.xml:32:13-43
129            android:exported="false" >
129-->[com.google.firebase:firebase-crashlytics:20.1.0] AndroidManifest.xml:14:13-37
130            <meta-data
130-->[com.google.firebase:firebase-crashlytics:20.1.0] AndroidManifest.xml:15:13-17:85
131                android:name="com.google.firebase.components:com.google.firebase.crashlytics.FirebaseCrashlyticsKtxRegistrar"
131-->[com.google.firebase:firebase-crashlytics:20.1.0] AndroidManifest.xml:16:17-126
132                android:value="com.google.firebase.components.ComponentRegistrar" />
132-->[com.google.firebase:firebase-crashlytics:20.1.0] AndroidManifest.xml:17:17-82
133            <meta-data
133-->[com.google.firebase:firebase-crashlytics:20.1.0] AndroidManifest.xml:18:13-20:85
134                android:name="com.google.firebase.components:com.google.firebase.crashlytics.CrashlyticsRegistrar"
134-->[com.google.firebase:firebase-crashlytics:20.1.0] AndroidManifest.xml:19:17-115
135                android:value="com.google.firebase.components.ComponentRegistrar" />
135-->[com.google.firebase:firebase-crashlytics:20.1.0] AndroidManifest.xml:20:17-82
136            <meta-data
136-->[com.google.firebase:firebase-sessions:3.0.7] AndroidManifest.xml:29:13-31:85
137                android:name="com.google.firebase.components:com.google.firebase.sessions.FirebaseSessionsRegistrar"
137-->[com.google.firebase:firebase-sessions:3.0.7] AndroidManifest.xml:30:17-117
138                android:value="com.google.firebase.components.ComponentRegistrar" />
138-->[com.google.firebase:firebase-sessions:3.0.7] AndroidManifest.xml:31:17-82
139            <meta-data
139-->[com.google.firebase:firebase-firestore:26.4.1] AndroidManifest.xml:17:13-19:85
140                android:name="com.google.firebase.components:com.google.firebase.firestore.FirebaseFirestoreKtxRegistrar"
140-->[com.google.firebase:firebase-firestore:26.4.1] AndroidManifest.xml:18:17-122
141                android:value="com.google.firebase.components.ComponentRegistrar" />
141-->[com.google.firebase:firebase-firestore:26.4.1] AndroidManifest.xml:19:17-82
142            <meta-data
142-->[com.google.firebase:firebase-firestore:26.4.1] AndroidManifest.xml:20:13-22:85
143                android:name="com.google.firebase.components:com.google.firebase.firestore.FirestoreRegistrar"
143-->[com.google.firebase:firebase-firestore:26.4.1] AndroidManifest.xml:21:17-111
144                android:value="com.google.firebase.components.ComponentRegistrar" />
144-->[com.google.firebase:firebase-firestore:26.4.1] AndroidManifest.xml:22:17-82
145            <meta-data
145-->[com.google.firebase:firebase-auth:24.2.0] AndroidManifest.xml:69:13-71:85
146                android:name="com.google.firebase.components:com.google.firebase.auth.FirebaseAuthRegistrar"
146-->[com.google.firebase:firebase-auth:24.2.0] AndroidManifest.xml:70:17-109
147                android:value="com.google.firebase.components.ComponentRegistrar" />
147-->[com.google.firebase:firebase-auth:24.2.0] AndroidManifest.xml:71:17-82
148            <meta-data
148-->[com.google.android.gms:play-services-measurement-api:23.2.0] AndroidManifest.xml:33:13-35:85
149                android:name="com.google.firebase.components:com.google.firebase.analytics.connector.internal.AnalyticsConnectorRegistrar"
149-->[com.google.android.gms:play-services-measurement-api:23.2.0] AndroidManifest.xml:34:17-139
150                android:value="com.google.firebase.components.ComponentRegistrar" />
150-->[com.google.android.gms:play-services-measurement-api:23.2.0] AndroidManifest.xml:35:17-82
151            <meta-data
151-->[com.google.firebase:firebase-installations:19.1.2] AndroidManifest.xml:15:13-17:85
152                android:name="com.google.firebase.components:com.google.firebase.installations.FirebaseInstallationsKtxRegistrar"
152-->[com.google.firebase:firebase-installations:19.1.2] AndroidManifest.xml:16:17-130
153                android:value="com.google.firebase.components.ComponentRegistrar" />
153-->[com.google.firebase:firebase-installations:19.1.2] AndroidManifest.xml:17:17-82
154            <meta-data
154-->[com.google.firebase:firebase-installations:19.1.2] AndroidManifest.xml:18:13-20:85
155                android:name="com.google.firebase.components:com.google.firebase.installations.FirebaseInstallationsRegistrar"
155-->[com.google.firebase:firebase-installations:19.1.2] AndroidManifest.xml:19:17-127
156                android:value="com.google.firebase.components.ComponentRegistrar" />
156-->[com.google.firebase:firebase-installations:19.1.2] AndroidManifest.xml:20:17-82
157            <meta-data
157-->[com.google.firebase:firebase-common:22.1.0] AndroidManifest.xml:35:13-37:85
158                android:name="com.google.firebase.components:com.google.firebase.FirebaseCommonKtxRegistrar"
158-->[com.google.firebase:firebase-common:22.1.0] AndroidManifest.xml:36:17-109
159                android:value="com.google.firebase.components.ComponentRegistrar" />
159-->[com.google.firebase:firebase-common:22.1.0] AndroidManifest.xml:37:17-82
160            <meta-data
160-->[com.google.firebase:firebase-datatransport:19.0.0] AndroidManifest.xml:25:13-27:85
161                android:name="com.google.firebase.components:com.google.firebase.datatransport.TransportRegistrar"
161-->[com.google.firebase:firebase-datatransport:19.0.0] AndroidManifest.xml:26:17-115
162                android:value="com.google.firebase.components.ComponentRegistrar" />
162-->[com.google.firebase:firebase-datatransport:19.0.0] AndroidManifest.xml:27:17-82
163        </service>
164        <service
164-->[com.google.firebase:firebase-sessions:3.0.7] AndroidManifest.xml:22:9-25:40
165            android:name="com.google.firebase.sessions.SessionLifecycleService"
165-->[com.google.firebase:firebase-sessions:3.0.7] AndroidManifest.xml:23:13-80
166            android:enabled="false"
166-->[com.google.firebase:firebase-sessions:3.0.7] AndroidManifest.xml:24:13-36
167            android:exported="false" />
167-->[com.google.firebase:firebase-sessions:3.0.7] AndroidManifest.xml:25:13-37
168
169        <activity
169-->[com.google.firebase:firebase-auth:24.2.0] AndroidManifest.xml:29:9-46:20
170            android:name="com.google.firebase.auth.internal.GenericIdpActivity"
170-->[com.google.firebase:firebase-auth:24.2.0] AndroidManifest.xml:30:13-80
171            android:excludeFromRecents="true"
171-->[com.google.firebase:firebase-auth:24.2.0] AndroidManifest.xml:31:13-46
172            android:exported="true"
172-->[com.google.firebase:firebase-auth:24.2.0] AndroidManifest.xml:32:13-36
173            android:launchMode="singleTask"
173-->[com.google.firebase:firebase-auth:24.2.0] AndroidManifest.xml:33:13-44
174            android:theme="@android:style/Theme.Translucent.NoTitleBar" >
174-->[com.google.firebase:firebase-auth:24.2.0] AndroidManifest.xml:34:13-72
175            <intent-filter>
175-->[com.google.firebase:firebase-auth:24.2.0] AndroidManifest.xml:35:13-45:29
176                <action android:name="android.intent.action.VIEW" />
176-->[com.google.firebase:firebase-auth:24.2.0] AndroidManifest.xml:36:17-69
176-->[com.google.firebase:firebase-auth:24.2.0] AndroidManifest.xml:36:25-66
177
178                <category android:name="android.intent.category.DEFAULT" />
178-->[com.google.firebase:firebase-auth:24.2.0] AndroidManifest.xml:38:17-76
178-->[com.google.firebase:firebase-auth:24.2.0] AndroidManifest.xml:38:27-73
179                <category android:name="android.intent.category.BROWSABLE" />
179-->[com.google.firebase:firebase-auth:24.2.0] AndroidManifest.xml:39:17-78
179-->[com.google.firebase:firebase-auth:24.2.0] AndroidManifest.xml:39:27-75
180
181                <data
181-->[com.google.firebase:firebase-auth:24.2.0] AndroidManifest.xml:41:17-44:51
182                    android:host="firebase.auth"
182-->[com.google.firebase:firebase-auth:24.2.0] AndroidManifest.xml:42:21-49
183                    android:path="/"
183-->[com.google.firebase:firebase-auth:24.2.0] AndroidManifest.xml:43:21-37
184                    android:scheme="genericidp" />
184-->[com.google.firebase:firebase-auth:24.2.0] AndroidManifest.xml:44:21-48
185            </intent-filter>
186        </activity>
187        <activity
187-->[com.google.firebase:firebase-auth:24.2.0] AndroidManifest.xml:47:9-64:20
188            android:name="com.google.firebase.auth.internal.RecaptchaActivity"
188-->[com.google.firebase:firebase-auth:24.2.0] AndroidManifest.xml:48:13-79
189            android:excludeFromRecents="true"
189-->[com.google.firebase:firebase-auth:24.2.0] AndroidManifest.xml:49:13-46
190            android:exported="true"
190-->[com.google.firebase:firebase-auth:24.2.0] AndroidManifest.xml:50:13-36
191            android:launchMode="singleTask"
191-->[com.google.firebase:firebase-auth:24.2.0] AndroidManifest.xml:51:13-44
192            android:theme="@android:style/Theme.Translucent.NoTitleBar" >
192-->[com.google.firebase:firebase-auth:24.2.0] AndroidManifest.xml:52:13-72
193            <intent-filter>
193-->[com.google.firebase:firebase-auth:24.2.0] AndroidManifest.xml:53:13-63:29
194                <action android:name="android.intent.action.VIEW" />
194-->[com.google.firebase:firebase-auth:24.2.0] AndroidManifest.xml:36:17-69
194-->[com.google.firebase:firebase-auth:24.2.0] AndroidManifest.xml:36:25-66
195
196                <category android:name="android.intent.category.DEFAULT" />
196-->[com.google.firebase:firebase-auth:24.2.0] AndroidManifest.xml:38:17-76
196-->[com.google.firebase:firebase-auth:24.2.0] AndroidManifest.xml:38:27-73
197                <category android:name="android.intent.category.BROWSABLE" />
197-->[com.google.firebase:firebase-auth:24.2.0] AndroidManifest.xml:39:17-78
197-->[com.google.firebase:firebase-auth:24.2.0] AndroidManifest.xml:39:27-75
198
199                <data
199-->[com.google.firebase:firebase-auth:24.2.0] AndroidManifest.xml:41:17-44:51
200                    android:host="firebase.auth"
200-->[com.google.firebase:firebase-auth:24.2.0] AndroidManifest.xml:42:21-49
201                    android:path="/"
201-->[com.google.firebase:firebase-auth:24.2.0] AndroidManifest.xml:43:21-37
202                    android:scheme="recaptcha" />
202-->[com.google.firebase:firebase-auth:24.2.0] AndroidManifest.xml:44:21-48
203            </intent-filter>
204        </activity>
205
206        <provider
206-->[com.google.firebase:firebase-common:22.1.0] AndroidManifest.xml:23:9-28:39
207            android:name="com.google.firebase.provider.FirebaseInitProvider"
207-->[com.google.firebase:firebase-common:22.1.0] AndroidManifest.xml:24:13-77
208            android:authorities="com.shardul.esewazone.firebaseinitprovider"
208-->[com.google.firebase:firebase-common:22.1.0] AndroidManifest.xml:25:13-72
209            android:directBootAware="true"
209-->[com.google.firebase:firebase-common:22.1.0] AndroidManifest.xml:26:13-43
210            android:exported="false"
210-->[com.google.firebase:firebase-common:22.1.0] AndroidManifest.xml:27:13-37
211            android:initOrder="100" />
211-->[com.google.firebase:firebase-common:22.1.0] AndroidManifest.xml:28:13-36
212
213        <activity
213-->[com.google.android.libraries.places:places:5.3.0] AndroidManifest.xml:17:9-23:20
214            android:name="com.google.android.libraries.places.widget.AutocompleteActivity"
214-->[com.google.android.libraries.places:places:5.3.0] AndroidManifest.xml:18:13-91
215            android:exported="false"
215-->[com.google.android.libraries.places:places:5.3.0] AndroidManifest.xml:19:13-37
216            android:label="@string/places_autocomplete_label"
216-->[com.google.android.libraries.places:places:5.3.0] AndroidManifest.xml:20:13-62
217            android:theme="@style/PlacesAutocompleteOverlay"
217-->[com.google.android.libraries.places:places:5.3.0] AndroidManifest.xml:21:13-61
218            android:windowSoftInputMode="adjustResize" >
218-->[com.google.android.libraries.places:places:5.3.0] AndroidManifest.xml:22:13-55
219        </activity>
220        <activity
220-->[com.google.android.libraries.places:places:5.3.0] AndroidManifest.xml:24:9-28:20
221            android:name="com.google.android.libraries.places.widget.BasicPlaceAutocompleteActivity"
221-->[com.google.android.libraries.places:places:5.3.0] AndroidManifest.xml:25:13-101
222            android:exported="false"
222-->[com.google.android.libraries.places:places:5.3.0] AndroidManifest.xml:26:13-37
223            android:windowSoftInputMode="adjustResize" >
223-->[com.google.android.libraries.places:places:5.3.0] AndroidManifest.xml:27:13-55
224        </activity>
225        <activity
225-->[com.google.android.libraries.places:places:5.3.0] AndroidManifest.xml:29:9-33:20
226            android:name="com.google.android.libraries.places.widget.PlaceAutocompleteActivity"
226-->[com.google.android.libraries.places:places:5.3.0] AndroidManifest.xml:30:13-96
227            android:exported="false"
227-->[com.google.android.libraries.places:places:5.3.0] AndroidManifest.xml:31:13-37
228            android:windowSoftInputMode="adjustResize" >
228-->[com.google.android.libraries.places:places:5.3.0] AndroidManifest.xml:32:13-55
229        </activity>
230        <activity
230-->[com.google.android.libraries.places:places:5.3.0] AndroidManifest.xml:34:9-38:20
231            android:name="com.google.android.libraries.places.widget.internal.placedetails.photoviewer.PlacesLightboxActivity"
231-->[com.google.android.libraries.places:places:5.3.0] AndroidManifest.xml:35:13-127
232            android:exported="false"
232-->[com.google.android.libraries.places:places:5.3.0] AndroidManifest.xml:36:13-37
233            android:windowSoftInputMode="adjustResize" >
233-->[com.google.android.libraries.places:places:5.3.0] AndroidManifest.xml:37:13-55
234        </activity>
235
236        <service
236-->[androidx.credentials:credentials-play-services-auth:1.2.0-rc01] AndroidManifest.xml:24:9-32:19
237            android:name="androidx.credentials.playservices.CredentialProviderMetadataHolder"
237-->[androidx.credentials:credentials-play-services-auth:1.2.0-rc01] AndroidManifest.xml:25:13-94
238            android:enabled="true"
238-->[androidx.credentials:credentials-play-services-auth:1.2.0-rc01] AndroidManifest.xml:26:13-35
239            android:exported="false" >
239-->[androidx.credentials:credentials-play-services-auth:1.2.0-rc01] AndroidManifest.xml:27:13-37
240            <meta-data
240-->[androidx.credentials:credentials-play-services-auth:1.2.0-rc01] AndroidManifest.xml:29:13-31:104
241                android:name="androidx.credentials.CREDENTIAL_PROVIDER_KEY"
241-->[androidx.credentials:credentials-play-services-auth:1.2.0-rc01] AndroidManifest.xml:30:17-76
242                android:value="androidx.credentials.playservices.CredentialProviderPlayServicesImpl" />
242-->[androidx.credentials:credentials-play-services-auth:1.2.0-rc01] AndroidManifest.xml:31:17-101
243        </service>
244
245        <activity
245-->[androidx.credentials:credentials-play-services-auth:1.2.0-rc01] AndroidManifest.xml:34:9-41:20
246            android:name="androidx.credentials.playservices.HiddenActivity"
246-->[androidx.credentials:credentials-play-services-auth:1.2.0-rc01] AndroidManifest.xml:35:13-76
247            android:configChanges="orientation|screenSize|screenLayout|keyboardHidden"
247-->[androidx.credentials:credentials-play-services-auth:1.2.0-rc01] AndroidManifest.xml:36:13-87
248            android:enabled="true"
248-->[androidx.credentials:credentials-play-services-auth:1.2.0-rc01] AndroidManifest.xml:37:13-35
249            android:exported="false"
249-->[androidx.credentials:credentials-play-services-auth:1.2.0-rc01] AndroidManifest.xml:38:13-37
250            android:fitsSystemWindows="true"
250-->[androidx.credentials:credentials-play-services-auth:1.2.0-rc01] AndroidManifest.xml:39:13-45
251            android:theme="@style/Theme.Hidden" >
251-->[androidx.credentials:credentials-play-services-auth:1.2.0-rc01] AndroidManifest.xml:40:13-48
252        </activity>
253        <activity
253-->[com.google.android.gms:play-services-auth:21.2.0] AndroidManifest.xml:23:9-27:75
254            android:name="com.google.android.gms.auth.api.signin.internal.SignInHubActivity"
254-->[com.google.android.gms:play-services-auth:21.2.0] AndroidManifest.xml:24:13-93
255            android:excludeFromRecents="true"
255-->[com.google.android.gms:play-services-auth:21.2.0] AndroidManifest.xml:25:13-46
256            android:exported="false"
256-->[com.google.android.gms:play-services-auth:21.2.0] AndroidManifest.xml:26:13-37
257            android:theme="@android:style/Theme.Translucent.NoTitleBar" />
257-->[com.google.android.gms:play-services-auth:21.2.0] AndroidManifest.xml:27:13-72
258        <!--
259            Service handling Google Sign-In user revocation. For apps that do not integrate with
260            Google Sign-In, this service will never be started.
261        -->
262        <service